<?xml version="1.0" encoding="UTF-8"?>
<!-- Generated by org.testng.reporters.JUnitXMLReporter -->
<testsuite ignored="0" hostname="DESKTOP-DI9J3JR" failures="0" tests="11" name="RegistrationPageTest" time="9.318" errors="0" timestamp="2024-10-05T17:05:13 IST">
  <testcase classname="MyShop_testCase.registration_page_TestCases" name="verifyPageTitle" time="0.0">
    <skipped/>
  </testcase> <!-- verifyPageTitle -->
  <testcase classname="MyShop_testCase.registration_page_TestCases" name="TestCreatenewAccount" time="0.0">
    <skipped/>
  </testcase> <!-- TestCreatenewAccount -->
  <testcase classname="MyShop_testCase.registration_page_TestCases" name="TestCreatenewAccount" time="0.0">
    <skipped/>
  </testcase> <!-- TestCreatenewAccount -->
  <testcase classname="MyShop_testCase.registration_page_TestCases" name="TestCreatenewAccount" time="0.0">
    <skipped/>
  </testcase> <!-- TestCreatenewAccount -->
  <testcase classname="MyShop_testCase.registration_page_TestCases" name="TestCreatenewAccount" time="0.0">
    <skipped/>
  </testcase> <!-- TestCreatenewAccount -->
  <testcase classname="MyShop_testCase.registration_page_TestCases" name="TestCreatenewAccount" time="0.001">
    <skipped/>
  </testcase> <!-- TestCreatenewAccount -->
  <testcase classname="MyShop_testCase.registration_page_TestCases" name="TestCreatenewAccount" time="0.0">
    <skipped/>
  </testcase> <!-- TestCreatenewAccount -->
  <testcase classname="MyShop_testCase.registration_page_TestCases" name="TestCreatenewAccount" time="0.0">
    <skipped/>
  </testcase> <!-- TestCreatenewAccount -->
  <testcase classname="MyShop_testCase.registration_page_TestCases" name="TestCreatenewAccount" time="0.0">
    <skipped/>
  </testcase> <!-- TestCreatenewAccount -->
  <testcase classname="MyShop_testCase.registration_page_TestCases" name="TestCreatenewAccount" time="0.0">
    <skipped/>
  </testcase> <!-- TestCreatenewAccount -->
  <testcase classname="MyShop_testCase.registration_page_TestCases" name="TestCreatenewAccount" time="0.0">
    <skipped/>
  </testcase> <!-- TestCreatenewAccount -->
</testsuite> <!-- RegistrationPageTest -->
