<?xml version="1.0" encoding="UTF-8"?>
<!-- Generated by org.testng.reporters.JUnitXMLReporter -->
<testsuite ignored="0" hostname="DESKTOP-DI9J3JR" failures="0" tests="3" name="TestLumaHomePage" time="13.436" errors="0" timestamp="2024-10-05T17:05:17 IST">
  <testcase classname="MyShop_testCase.Test_Luma_Home_Page" name="TestPageTitle" time="0.66"/>
  <testcase classname="MyShop_testCase.Test_Luma_Home_Page" name="TestLogo" time="1.68"/>
  <testcase classname="MyShop_testCase.Test_Luma_Home_Page" name="TestSigninPage_navigation" time="1.921"/>
</testsuite> <!-- TestLumaHomePage -->
